[debug] [2024-02-21T18:41:21.759Z] ----------------------------------------------------------------------
[debug] [2024-02-21T18:41:21.762Z] Command:       C:\Program Files\nodejs\node.exe C:\Program Files\nodejs\node_modules\firebase-tools\lib\bin\firebase.js init
[debug] [2024-02-21T18:41:21.762Z] CLI Version:   13.3.0
[debug] [2024-02-21T18:41:21.762Z] Platform:      win32
[debug] [2024-02-21T18:41:21.762Z] Node Version:  v20.7.0
[debug] [2024-02-21T18:41:21.762Z] Time:          Wed Feb 21 2024 19:41:21 GMT+0100 (hora estándar de Europa central)
[debug] [2024-02-21T18:41:21.762Z] ----------------------------------------------------------------------
[debug] 
[debug] [2024-02-21T18:41:21.769Z] > command requires scopes: ["email","openid","https://www.googleapis.com/auth/cloudplatformprojects.readonly","https://www.googleapis.com/auth/firebase","https://www.googleapis.com/auth/cloud-platform"]
[debug] [2024-02-21T18:41:21.770Z] > authorizing via signed-in user (luzuriagaalanis@gmail.com)
[info] 
     ######## #### ########  ######## ########     ###     ######  ########
     ##        ##  ##     ## ##       ##     ##  ##   ##  ##       ##
     ######    ##  ########  ######   ########  #########  ######  ######
     ##        ##  ##    ##  ##       ##     ## ##     ##       ## ##
     ##       #### ##     ## ######## ########  ##     ##  ######  ########

You're about to initialize a Firebase project in this directory:

  C:\Users\selut\Documents\GitHub\DAWEC\T2\SPRINT4

[info] 
=== Project Setup
[info] 
[info] First, let's associate this project directory with a Firebase project.
[info] You can create multiple project aliases by running firebase use --add, 
[info] but for now we'll just set up a default project.
[info] 
[info] i  If you want to create a project in a Google Cloud organization or folder, please use "firebase projects:create" instead, and return to this command when you've created the project. 
[debug] [2024-02-21T18:42:18.657Z] >>> [apiv2][query] POST https://cloudresourcemanager.googleapis.com/v1/projects [none]
[debug] [2024-02-21T18:42:18.657Z] >>> [apiv2][body] POST https://cloudresourcemanager.googleapis.com/v1/projects {"projectId":"sistale","name":"sistale"}
[debug] [2024-02-21T18:42:19.766Z] <<< [apiv2][status] POST https://cloudresourcemanager.googleapis.com/v1/projects 200
[debug] [2024-02-21T18:42:19.766Z] <<< [apiv2][body] POST https://cloudresourcemanager.googleapis.com/v1/projects {"name":"operations/cp.8654465126956004600"}
[debug] [2024-02-21T18:42:19.767Z] >>> [apiv2][query] GET https://cloudresourcemanager.googleapis.com/v1/operations/cp.8654465126956004600 [none]
[debug] [2024-02-21T18:42:20.703Z] <<< [apiv2][status] GET https://cloudresourcemanager.googleapis.com/v1/operations/cp.8654465126956004600 200
[debug] [2024-02-21T18:42:20.703Z] <<< [apiv2][body] GET https://cloudresourcemanager.googleapis.com/v1/operations/cp.8654465126956004600 {"name":"operations/cp.8654465126956004600","metadata":{"@type":"type.googleapis.com/google.cloudresourcemanager.v1.ProjectCreationStatus","ready":true},"done":true,"error":{"code":9,"message":"Callers must accept Terms of Service","details":[{"@type":"type.googleapis.com/google.rpc.PreconditionFailure","violations":[{"type":"TOS","subject":"cloud","description":"Callers must accept Terms of Service"}]}]}}
[debug] [2024-02-21T18:42:20.802Z] FirebaseError: Callers must accept Terms of Service
    at OperationPoller.poll (C:\Users\selut\AppData\Roaming\nvm\v20.7.0\node_modules\firebase-tools\lib\operation-poller.js:24:19)
    at process.processTicksAndRejections (node:internal/process/task_queues:95:5)
    at async createCloudProject (C:\Users\selut\AppData\Roaming\nvm\v20.7.0\node_modules\firebase-tools\lib\management\projects.js:186:29)
    at async createFirebaseProjectAndLog (C:\Users\selut\AppData\Roaming\nvm\v20.7.0\node_modules\firebase-tools\lib\management\projects.js:45:9)
    at async promptAndCreateNewProject (C:\Users\selut\AppData\Roaming\nvm\v20.7.0\node_modules\firebase-tools\lib\init\features\project.js:32:12)
    at async doSetup (C:\Users\selut\AppData\Roaming\nvm\v20.7.0\node_modules\firebase-tools\lib\init\features\project.js:88:27)
    at async init (C:\Users\selut\AppData\Roaming\nvm\v20.7.0\node_modules\firebase-tools\lib\init\index.js:37:9)
[error] 
[error] Error: Failed to create project. See firebase-debug.log for more info.
